<?xml version="1.0" encoding="UTF-8" ?>
<testsuite tests="2" failures="2" name="TestSuite" time="65.079" errors="0" skipped="0">
  <properties>
[...]
</properties>
  <testcase classname="com.cucumber.framework.runner.productCategory.TestProductsCountBasedOnColorRunner" name="feature" time="37.475">
    <failure message="java.lang.NullPointerException" type="cucumber.runtime.CucumberException">cucumber.runtime.CucumberException: java.lang.NullPointerException
	at cucumber.api.testng.TestNGCucumberRunner.runCucumber(TestNGCucumberRunner.java:69)
	at cucumber.api.testng.AbstractTestNGCucumberTests.feature(AbstractTestNGCucumberTests.java:21)
	at sun.reflect.NativeMethodAccessorImpl.invoke0(Native Method)
	at sun.reflect.NativeMethodAccessorImpl.invoke(Unknown Source)
	at sun.reflect.DelegatingMethodAccessorImpl.invoke(Unknown Source)
	at java.lang.reflect.Method.invoke(Unknown Source)
	at org.testng.internal.MethodInvocationHelper.invokeMethod(MethodInvocationHelper.java:86)
	at org.testng.internal.Invoker.invokeMethod(Invoker.java:643)
	at org.testng.internal.Invoker.invokeTestMethod(Invoker.java:820)
	at org.testng.internal.Invoker.invokeTestMethods(Invoker.java:1128)
	at org.testng.internal.TestMethodWorker.invokeTestMethods(TestMethodWorker.java:129)
	at org.testng.internal.TestMethodWorker.run(TestMethodWorker.java:112)
	at org.testng.TestRunner.privateRun(TestRunner.java:782)
	at org.testng.TestRunner.run(TestRunner.java:632)
	at org.testng.SuiteRunner.runTest(SuiteRunner.java:366)
	at org.testng.SuiteRunner.runSequentially(SuiteRunner.java:361)
	at org.testng.SuiteRunner.privateRun(SuiteRunner.java:319)
	at org.testng.SuiteRunner.run(SuiteRunner.java:268)
	at org.testng.SuiteRunnerWorker.runSuite(SuiteRunnerWorker.java:52)
	at org.testng.SuiteRunnerWorker.run(SuiteRunnerWorker.java:86)
	at org.testng.TestNG.runSuitesSequentially(TestNG.java:1244)
	at org.testng.TestNG.runSuitesLocally(TestNG.java:1169)
	at org.testng.TestNG.run(TestNG.java:1064)
	at org.apache.maven.surefire.testng.TestNGExecutor.run(TestNGExecutor.java:77)
	at org.apache.maven.surefire.testng.TestNGDirectoryTestSuite.executeMulti(TestNGDirectoryTestSuite.java:159)
	at org.apache.maven.surefire.testng.TestNGDirectoryTestSuite.execute(TestNGDirectoryTestSuite.java:99)
	at org.apache.maven.surefire.testng.TestNGProvider.invoke(TestNGProvider.java:106)
	at sun.reflect.NativeMethodAccessorImpl.invoke0(Native Method)
	at sun.reflect.NativeMethodAccessorImpl.invoke(Unknown Source)
	at sun.reflect.DelegatingMethodAccessorImpl.invoke(Unknown Source)
	at java.lang.reflect.Method.invoke(Unknown Source)
	at org.apache.maven.surefire.util.ReflectionUtils.invokeMethodWithArray(ReflectionUtils.java:189)
	at org.apache.maven.surefire.booter.ProviderFactory$ProviderProxy.invoke(ProviderFactory.java:165)
	at org.apache.maven.surefire.booter.ProviderFactory.invokeProvider(ProviderFactory.java:85)
	at org.apache.maven.surefire.booter.ForkedBooter.runSuitesInProcess(ForkedBooter.java:115)
	at org.apache.maven.surefire.booter.ForkedBooter.main(ForkedBooter.java:75)
Caused by: java.lang.NullPointerException
	at sun.reflect.NativeMethodAccessorImpl.invoke0(Native Method)
	at sun.reflect.NativeMethodAccessorImpl.invoke(Unknown Source)
	at sun.reflect.DelegatingMethodAccessorImpl.invoke(Unknown Source)
	at java.lang.reflect.Method.invoke(Unknown Source)
	at org.openqa.selenium.support.pagefactory.internal.LocatingElementHandler.invoke(LocatingElementHandler.java:51)
	at com.sun.proxy.$Proxy18.isDisplayed(Unknown Source)
	at org.openqa.selenium.support.ui.ExpectedConditions.elementIfVisible(ExpectedConditions.java:302)
	at org.openqa.selenium.support.ui.ExpectedConditions.access$100(ExpectedConditions.java:44)
	at org.openqa.selenium.support.ui.ExpectedConditions$10.apply(ExpectedConditions.java:288)
	at org.openqa.selenium.support.ui.ExpectedConditions$10.apply(ExpectedConditions.java:285)
	at org.openqa.selenium.support.ui.FluentWait.until(FluentWait.java:209)
	at com.cucumber.framework.helper.Wait.WaitHelper.waitForElement(WaitHelper.java:54)
	at com.cucumber.framework.PageObject.HomePage.&lt;init&gt;(HomePage.java:47)
	at com.cucumber.framework.stepdefinition.ProductCategory.ProductCategory.user_click_on_women_navigation_menu(ProductCategory.java:21)
	at ✽.And user click on women navigation menu(featurefile/productCategory/TestProductsCountBasedOnColor.feature:6)
Caused by: java.lang.NullPointerException
	at sun.reflect.NativeMethodAccessorImpl.invoke0(Native Method)
	at sun.reflect.NativeMethodAccessorImpl.invoke(Unknown Source)
	at sun.reflect.DelegatingMethodAccessorImpl.invoke(Unknown Source)
	at java.lang.reflect.Method.invoke(Unknown Source)
	at org.openqa.selenium.support.pagefactory.internal.LocatingElementHandler.invoke(LocatingElementHandler.java:51)
	at com.sun.proxy.$Proxy18.isDisplayed(Unknown Source)
	at org.openqa.selenium.support.ui.ExpectedConditions.elementIfVisible(ExpectedConditions.java:302)
	at org.openqa.selenium.support.ui.ExpectedConditions.access$100(ExpectedConditions.java:44)
	at org.openqa.selenium.support.ui.ExpectedConditions$10.apply(ExpectedConditions.java:288)
	at org.openqa.selenium.support.ui.ExpectedConditions$10.apply(ExpectedConditions.java:285)
	at org.openqa.selenium.support.ui.FluentWait.until(FluentWait.java:209)
	at com.cucumber.framework.helper.Wait.WaitHelper.waitForElement(WaitHelper.java:54)
	at com.cucumber.framework.PageObject.HomePage.&lt;init&gt;(HomePage.java:47)
	at com.cucumber.framework.stepdefinition.ProductCategory.ProductCategory.user_click_on_women_navigation_menu(ProductCategory.java:21)
	at ✽.And user click on women navigation menu(featurefile/productCategory/TestProductsCountBasedOnColor.feature:6)
</failure>
    <system-out>Configuring TestNG with: org.apache.maven.surefire.testng.conf.TestNG652Configurator@71bc1ae4
C:\Users\kharikrishna\Downloads\project\cucumberSeleniumFramework-master\cucumberSeleniumFramework-master
C:\Users\kharikrishna\Downloads\project\cucumberSeleniumFramework-master\cucumberSeleniumFramework-master
2020-02-28 11:34:45 [INFO ] [TestBase] - [getBrowserObject] Chrome
C:\Users\kharikrishna\Downloads\project\cucumberSeleniumFramework-master\cucumberSeleniumFramework-master
2020-02-28 11:34:56 [INFO ] [TestBase] - [before] Chrome
2020-02-28 11:35:23 [INFO ] [TestBase] - [after] 
</system-out>
    <system-err>Starting ChromeDriver 79.0.3945.36 (3582db32b33893869b8c1339e8f4d9ed1816f143-refs/branch-heads/3945@{#614}) on port 11406
Only local connections are allowed.
Please protect ports used by ChromeDriver and related test frameworks to prevent access by malicious code.
[1582869887.967][WARNING]: This version of ChromeDriver has not been tested with Chrome version 80.
[1582869889.976][WARNING]: Timed out connecting to Chrome, retrying...
Feb 28, 2020 11:34:52 AM org.openqa.selenium.remote.ProtocolHandshake createSession
INFO: Detected dialect: W3C
[1582869894.094][WARNING]: Timed out connecting to Chrome, retrying...
</system-err>
  </testcase>
  <testcase classname="com.cucumber.framework.runner.productCategory.TestTotalNumberOfWomenDressProductRunner" name="feature" time="27.604">
    <failure message="java.lang.NullPointerException" type="cucumber.runtime.CucumberException">cucumber.runtime.CucumberException: java.lang.NullPointerException
	at cucumber.api.testng.TestNGCucumberRunner.runCucumber(TestNGCucumberRunner.java:69)
	at cucumber.api.testng.AbstractTestNGCucumberTests.feature(AbstractTestNGCucumberTests.java:21)
	at sun.reflect.NativeMethodAccessorImpl.invoke0(Native Method)
	at sun.reflect.NativeMethodAccessorImpl.invoke(Unknown Source)
	at sun.reflect.DelegatingMethodAccessorImpl.invoke(Unknown Source)
	at java.lang.reflect.Method.invoke(Unknown Source)
	at org.testng.internal.MethodInvocationHelper.invokeMethod(MethodInvocationHelper.java:86)
	at org.testng.internal.Invoker.invokeMethod(Invoker.java:643)
	at org.testng.internal.Invoker.invokeTestMethod(Invoker.java:820)
	at org.testng.internal.Invoker.invokeTestMethods(Invoker.java:1128)
	at org.testng.internal.TestMethodWorker.invokeTestMethods(TestMethodWorker.java:129)
	at org.testng.internal.TestMethodWorker.run(TestMethodWorker.java:112)
	at org.testng.TestRunner.privateRun(TestRunner.java:782)
	at org.testng.TestRunner.run(TestRunner.java:632)
	at org.testng.SuiteRunner.runTest(SuiteRunner.java:366)
	at org.testng.SuiteRunner.runSequentially(SuiteRunner.java:361)
	at org.testng.SuiteRunner.privateRun(SuiteRunner.java:319)
	at org.testng.SuiteRunner.run(SuiteRunner.java:268)
	at org.testng.SuiteRunnerWorker.runSuite(SuiteRunnerWorker.java:52)
	at org.testng.SuiteRunnerWorker.run(SuiteRunnerWorker.java:86)
	at org.testng.TestNG.runSuitesSequentially(TestNG.java:1244)
	at org.testng.TestNG.runSuitesLocally(TestNG.java:1169)
	at org.testng.TestNG.run(TestNG.java:1064)
	at org.apache.maven.surefire.testng.TestNGExecutor.run(TestNGExecutor.java:77)
	at org.apache.maven.surefire.testng.TestNGDirectoryTestSuite.executeMulti(TestNGDirectoryTestSuite.java:159)
	at org.apache.maven.surefire.testng.TestNGDirectoryTestSuite.execute(TestNGDirectoryTestSuite.java:99)
	at org.apache.maven.surefire.testng.TestNGProvider.invoke(TestNGProvider.java:106)
	at sun.reflect.NativeMethodAccessorImpl.invoke0(Native Method)
	at sun.reflect.NativeMethodAccessorImpl.invoke(Unknown Source)
	at sun.reflect.DelegatingMethodAccessorImpl.invoke(Unknown Source)
	at java.lang.reflect.Method.invoke(Unknown Source)
	at org.apache.maven.surefire.util.ReflectionUtils.invokeMethodWithArray(ReflectionUtils.java:189)
	at org.apache.maven.surefire.booter.ProviderFactory$ProviderProxy.invoke(ProviderFactory.java:165)
	at org.apache.maven.surefire.booter.ProviderFactory.invokeProvider(ProviderFactory.java:85)
	at org.apache.maven.surefire.booter.ForkedBooter.runSuitesInProcess(ForkedBooter.java:115)
	at org.apache.maven.surefire.booter.ForkedBooter.main(ForkedBooter.java:75)
Caused by: java.lang.NullPointerException
	at sun.reflect.NativeMethodAccessorImpl.invoke0(Native Method)
	at sun.reflect.NativeMethodAccessorImpl.invoke(Unknown Source)
	at sun.reflect.DelegatingMethodAccessorImpl.invoke(Unknown Source)
	at java.lang.reflect.Method.invoke(Unknown Source)
	at org.openqa.selenium.support.pagefactory.internal.LocatingElementHandler.invoke(LocatingElementHandler.java:51)
	at com.sun.proxy.$Proxy18.isDisplayed(Unknown Source)
	at org.openqa.selenium.support.ui.ExpectedConditions.elementIfVisible(ExpectedConditions.java:302)
	at org.openqa.selenium.support.ui.ExpectedConditions.access$100(ExpectedConditions.java:44)
	at org.openqa.selenium.support.ui.ExpectedConditions$10.apply(ExpectedConditions.java:288)
	at org.openqa.selenium.support.ui.ExpectedConditions$10.apply(ExpectedConditions.java:285)
	at org.openqa.selenium.support.ui.FluentWait.until(FluentWait.java:209)
	at com.cucumber.framework.helper.Wait.WaitHelper.waitForElement(WaitHelper.java:54)
	at com.cucumber.framework.PageObject.HomePage.&lt;init&gt;(HomePage.java:47)
	at com.cucumber.framework.stepdefinition.ProductCategory.ProductCategory.user_click_on_women_navigation_menu(ProductCategory.java:21)
	at ✽.And user click on women navigation menu(featurefile/productCategory/TestTotalNumberOfWomenDressProductRunner.feature:6)
Caused by: java.lang.NullPointerException
	at sun.reflect.NativeMethodAccessorImpl.invoke0(Native Method)
	at sun.reflect.NativeMethodAccessorImpl.invoke(Unknown Source)
	at sun.reflect.DelegatingMethodAccessorImpl.invoke(Unknown Source)
	at java.lang.reflect.Method.invoke(Unknown Source)
	at org.openqa.selenium.support.pagefactory.internal.LocatingElementHandler.invoke(LocatingElementHandler.java:51)
	at com.sun.proxy.$Proxy18.isDisplayed(Unknown Source)
	at org.openqa.selenium.support.ui.ExpectedConditions.elementIfVisible(ExpectedConditions.java:302)
	at org.openqa.selenium.support.ui.ExpectedConditions.access$100(ExpectedConditions.java:44)
	at org.openqa.selenium.support.ui.ExpectedConditions$10.apply(ExpectedConditions.java:288)
	at org.openqa.selenium.support.ui.ExpectedConditions$10.apply(ExpectedConditions.java:285)
	at org.openqa.selenium.support.ui.FluentWait.until(FluentWait.java:209)
	at com.cucumber.framework.helper.Wait.WaitHelper.waitForElement(WaitHelper.java:54)
	at com.cucumber.framework.PageObject.HomePage.&lt;init&gt;(HomePage.java:47)
	at com.cucumber.framework.stepdefinition.ProductCategory.ProductCategory.user_click_on_women_navigation_menu(ProductCategory.java:21)
	at ✽.And user click on women navigation menu(featurefile/productCategory/TestTotalNumberOfWomenDressProductRunner.feature:6)
</failure>
    <system-out>
&amp;#27;[31mFailed scenarios:&amp;#27;[0m
&amp;#27;[31mfeaturefile/productCategory/TestProductsCountBasedOnColor.feature:4 &amp;#27;[0m# Scenario: Verify Total Number Of Products based on color filters

1 Scenarios (&amp;#27;[31m1 failed&amp;#27;[0m)
4 Steps (&amp;#27;[31m1 failed&amp;#27;[0m, &amp;#27;[36m2 skipped&amp;#27;[0m, &amp;#27;[32m1 passed&amp;#27;[0m)
0m37.433s

java.lang.NullPointerException
	at sun.reflect.NativeMethodAccessorImpl.invoke0(Native Method)
	at sun.reflect.NativeMethodAccessorImpl.invoke(Unknown Source)
	at sun.reflect.DelegatingMethodAccessorImpl.invoke(Unknown Source)
	at java.lang.reflect.Method.invoke(Unknown Source)
	at org.openqa.selenium.support.pagefactory.internal.LocatingElementHandler.invoke(LocatingElementHandler.java:51)
	at com.sun.proxy.$Proxy18.isDisplayed(Unknown Source)
	at org.openqa.selenium.support.ui.ExpectedConditions.elementIfVisible(ExpectedConditions.java:302)
	at org.openqa.selenium.support.ui.ExpectedConditions.access$100(ExpectedConditions.java:44)
	at org.openqa.selenium.support.ui.ExpectedConditions$10.apply(ExpectedConditions.java:288)
	at org.openqa.selenium.support.ui.ExpectedConditions$10.apply(ExpectedConditions.java:285)
	at org.openqa.selenium.support.ui.FluentWait.until(FluentWait.java:209)
	at com.cucumber.framework.helper.Wait.WaitHelper.waitForElement(WaitHelper.java:54)
	at com.cucumber.framework.PageObject.HomePage.&lt;init&gt;(HomePage.java:47)
	at com.cucumber.framework.stepdefinition.ProductCategory.ProductCategory.user_click_on_women_navigation_menu(ProductCategory.java:21)
	at ?.And user click on women navigation menu(featurefile/productCategory/TestProductsCountBasedOnColor.feature:6)

C:\Users\kharikrishna\Downloads\project\cucumberSeleniumFramework-master\cucumberSeleniumFramework-master
2020-02-28 11:35:23 [INFO ] [TestBase] - [getBrowserObject] Chrome
C:\Users\kharikrishna\Downloads\project\cucumberSeleniumFramework-master\cucumberSeleniumFramework-master
2020-02-28 11:35:32 [INFO ] [TestBase] - [before] Chrome
2020-02-28 11:35:50 [INFO ] [TestBase] - [after] 
</system-out>
    <system-err>Starting ChromeDriver 79.0.3945.36 (3582db32b33893869b8c1339e8f4d9ed1816f143-refs/branch-heads/3945@{#614}) on port 47628
Only local connections are allowed.
Please protect ports used by ChromeDriver and related test frameworks to prevent access by malicious code.
[1582869924.550][WARNING]: This version of ChromeDriver has not been tested with Chrome version 80.
[1582869926.554][WARNING]: Timed out connecting to Chrome, retrying...
Feb 28, 2020 11:35:28 AM org.openqa.selenium.remote.ProtocolHandshake createSession
INFO: Detected dialect: W3C
[1582869930.603][WARNING]: Timed out connecting to Chrome, retrying...
</system-err>
  </testcase>
</testsuite>